{"name":"Login with missing password","status":"skipped","statusDetails":{"known":false,"muted":false,"flaky":false,"message":"\"status code should be 422\" matches more than one step definition:\n  \"status code should be 422\" in stepdefs.StepDefs.validateStatusCode422()\n  \"status code should be {int}\" in stepdefs.StepDefs.validateStatusCode(int)","trace":"io.cucumber.core.runner.AmbiguousStepDefinitionsException: \"status code should be 422\" matches more than one step definition:\n  \"status code should be 422\" in stepdefs.StepDefs.validateStatusCode422()\n  \"status code should be {int}\" in stepdefs.StepDefs.validateStatusCode(int)\n\tat io.cucumber.core.runner.CachingGlue.findStepDefinitionMatch(CachingGlue.java:373)\n\tat io.cucumber.core.runner.CachingGlue.stepDefinitionMatch(CachingGlue.java:341)\n\tat io.cucumber.core.runner.Runner.matchStepToStepDefinition(Runner.java:148)\n\tat io.cucumber.core.runner.Runner.createTestStepsForPickleSteps(Runner.java:128)\n\tat io.cucumber.core.runner.Runner.createTestCaseForPickle(Runner.java:111)\n\tat io.cucumber.core.runner.Runner.runPickle(Runner.java:72)\n\tat io.cucumber.junit.PickleRunners$NoStepDescriptions.run(PickleRunners.java:151)\n\tat io.cucumber.junit.FeatureRunner.runChild(FeatureRunner.java:135)\n\tat io.cucumber.junit.FeatureRunner.runChild(FeatureRunner.java:27)\n\tat org.junit.runners.ParentRunner$4.run(ParentRunner.java:331)\n\tat org.junit.runners.ParentRunner$1.schedule(ParentRunner.java:79)\n\tat org.junit.runners.ParentRunner.runChildren(ParentRunner.java:329)\n\tat org.junit.runners.ParentRunner.access$100(ParentRunner.java:66)\n\tat org.junit.runners.ParentRunner$2.evaluate(ParentRunner.java:293)\n\tat org.junit.runners.ParentRunner$3.evaluate(ParentRunner.java:306)\n\tat org.junit.runners.ParentRunner.run(ParentRunner.java:413)\n\tat io.cucumber.junit.Cucumber.runChild(Cucumber.java:200)\n\tat io.cucumber.junit.Cucumber.runChild(Cucumber.java:90)\n\tat org.junit.runners.ParentRunner$4.run(ParentRunner.java:331)\n\tat org.junit.runners.ParentRunner$1.schedule(ParentRunner.java:79)\n\tat org.junit.runners.ParentRunner.runChildren(ParentRunner.java:329)\n\tat org.junit.runners.ParentRunner.access$100(ParentRunner.java:66)\n\tat org.junit.runners.ParentRunner$2.evaluate(ParentRunner.java:293)\n\tat io.cucumber.junit.Cucumber$RunCucumber.evaluate(Cucumber.java:235)\n\tat org.junit.runners.ParentRunner$3.evaluate(ParentRunner.java:306)\n\tat org.junit.runners.ParentRunner.run(ParentRunner.java:413)\n\tat org.junit.runner.JUnitCore.run(JUnitCore.java:137)\n\tat com.intellij.junit4.JUnit4IdeaTestRunner.startRunnerWithArgs(JUnit4IdeaTestRunner.java:69)\n\tat com.intellij.rt.junit.IdeaTestRunner$Repeater$1.execute(IdeaTestRunner.java:38)\n\tat com.intellij.rt.execution.junit.TestsRepeater.repeat(TestsRepeater.java:11)\n\tat com.intellij.rt.junit.IdeaTestRunner$Repeater.startRunnerWithArgs(IdeaTestRunner.java:35)\n\tat com.intellij.rt.junit.JUnitStarter.prepareStreamsAndStart(JUnitStarter.java:232)\n\tat com.intellij.rt.junit.JUnitStarter.main(JUnitStarter.java:55)\n"},"stage":"finished","steps":[{"name":"When  user sends POST request to login with missing password","status":"passed","statusDetails":{"known":false,"muted":false,"flaky":false},"stage":"finished","steps":[],"attachments":[],"parameters":[],"start":1751117192106,"stop":1751117192120},{"name":"Then  status code should be 422","statusDetails":{"known":false,"muted":false,"flaky":false,"message":"\"status code should be 422\" matches more than one step definition:\n  \"status code should be 422\" in stepdefs.StepDefs.validateStatusCode422()\n  \"status code should be {int}\" in stepdefs.StepDefs.validateStatusCode(int)","trace":"io.cucumber.core.runner.AmbiguousStepDefinitionsException: \"status code should be 422\" matches more than one step definition:\n  \"status code should be 422\" in stepdefs.StepDefs.validateStatusCode422()\n  \"status code should be {int}\" in stepdefs.StepDefs.validateStatusCode(int)\n\tat io.cucumber.core.runner.CachingGlue.findStepDefinitionMatch(CachingGlue.java:373)\n\tat io.cucumber.core.runner.CachingGlue.stepDefinitionMatch(CachingGlue.java:341)\n\tat io.cucumber.core.runner.Runner.matchStepToStepDefinition(Runner.java:148)\n\tat io.cucumber.core.runner.Runner.createTestStepsForPickleSteps(Runner.java:128)\n\tat io.cucumber.core.runner.Runner.createTestCaseForPickle(Runner.java:111)\n\tat io.cucumber.core.runner.Runner.runPickle(Runner.java:72)\n\tat io.cucumber.junit.PickleRunners$NoStepDescriptions.run(PickleRunners.java:151)\n\tat io.cucumber.junit.FeatureRunner.runChild(FeatureRunner.java:135)\n\tat io.cucumber.junit.FeatureRunner.runChild(FeatureRunner.java:27)\n\tat org.junit.runners.ParentRunner$4.run(ParentRunner.java:331)\n\tat org.junit.runners.ParentRunner$1.schedule(ParentRunner.java:79)\n\tat org.junit.runners.ParentRunner.runChildren(ParentRunner.java:329)\n\tat org.junit.runners.ParentRunner.access$100(ParentRunner.java:66)\n\tat org.junit.runners.ParentRunner$2.evaluate(ParentRunner.java:293)\n\tat org.junit.runners.ParentRunner$3.evaluate(ParentRunner.java:306)\n\tat org.junit.runners.ParentRunner.run(ParentRunner.java:413)\n\tat io.cucumber.junit.Cucumber.runChild(Cucumber.java:200)\n\tat io.cucumber.junit.Cucumber.runChild(Cucumber.java:90)\n\tat org.junit.runners.ParentRunner$4.run(ParentRunner.java:331)\n\tat org.junit.runners.ParentRunner$1.schedule(ParentRunner.java:79)\n\tat org.junit.runners.ParentRunner.runChildren(ParentRunner.java:329)\n\tat org.junit.runners.ParentRunner.access$100(ParentRunner.java:66)\n\tat org.junit.runners.ParentRunner$2.evaluate(ParentRunner.java:293)\n\tat io.cucumber.junit.Cucumber$RunCucumber.evaluate(Cucumber.java:235)\n\tat org.junit.runners.ParentRunner$3.evaluate(ParentRunner.java:306)\n\tat org.junit.runners.ParentRunner.run(ParentRunner.java:413)\n\tat org.junit.runner.JUnitCore.run(JUnitCore.java:137)\n\tat com.intellij.junit4.JUnit4IdeaTestRunner.startRunnerWithArgs(JUnit4IdeaTestRunner.java:69)\n\tat com.intellij.rt.junit.IdeaTestRunner$Repeater$1.execute(IdeaTestRunner.java:38)\n\tat com.intellij.rt.execution.junit.TestsRepeater.repeat(TestsRepeater.java:11)\n\tat com.intellij.rt.junit.IdeaTestRunner$Repeater.startRunnerWithArgs(IdeaTestRunner.java:35)\n\tat com.intellij.rt.junit.JUnitStarter.prepareStreamsAndStart(JUnitStarter.java:232)\n\tat com.intellij.rt.junit.JUnitStarter.main(JUnitStarter.java:55)\n"},"stage":"finished","steps":[],"attachments":[],"parameters":[],"start":1751117192120,"stop":1751117192121},{"name":"And  response should contain validation error for \"password\"","status":"skipped","statusDetails":{"known":false,"muted":false,"flaky":false},"stage":"finished","steps":[],"attachments":[],"parameters":[],"start":1751117192121,"stop":1751117192121}],"attachments":[],"parameters":[],"start":1751117192106,"stop":1751117192121,"uuid":"7d7d90b2-a686-4a80-98e7-8bac38901d93","historyId":"cf95e82c8cac5637d1a266608c603026","fullName":"Login API Token Generation: Login with missing password","labels":[{"name":"host","value":"Geethanjalis-MacBook-Air.local"},{"name":"thread","value":"36243@Geethanjalis-MacBook-Air.local.main(1)"},{"name":"feature","value":"Login API Token Generation"},{"name":"story","value":"Login with missing password"},{"name":"suite","value":"Login API Token Generation"},{"name":"testClass","value":"Login with missing password"},{"name":"framework","value":"cucumber4jvm"},{"name":"language","value":"java"},{"name":"gherkin_uri","value":"file:///Users/geethanjalimohantty/Desktop/api-test-framework/src/test/java/features/01Login.feature"},{"name":"package","value":"src.test.java.features.01Login_feature.Login API Token Generation"}],"links":[]}